c:\users\seth\desktop\carrecord\carrecord\debug\vc120.pdb
c:\users\seth\desktop\carrecord\carrecord\debug\vc120.idb
c:\users\seth\desktop\carrecord\carrecord\debug\source.obj
c:\users\seth\desktop\carrecord\carrecord\debug\carrecord.obj
c:\users\sbaldwin\desktop\carrecord\carrecord\debug\vc120.pdb
c:\users\sbaldwin\desktop\carrecord\carrecord\debug\vc120.idb
c:\users\sbaldwin\desktop\carrecord\carrecord\debug\carrecord.obj
c:\users\sbaldwin\desktop\carrecord\carrecord\debug\source.obj
c:\users\seth\desktop\carrecord\debug\carrecord.ilk
c:\users\seth\desktop\carrecord\debug\carrecord.exe
c:\users\seth\desktop\carrecord\debug\carrecord.pdb
c:\users\sbaldwin\desktop\carrecord\debug\carrecord.ilk
c:\users\sbaldwin\desktop\carrecord\debug\carrecord.exe
c:\users\sbaldwin\desktop\carrecord\debug\carrecord.pdb
c:\users\sbaldwin\desktop\carrecord\carrecord\debug\carrecord.tlog\cl.command.1.tlog
c:\users\sbaldwin\desktop\carrecord\carrecord\debug\carrecord.tlog\cl.read.1.tlog
c:\users\sbaldwin\desktop\carrecord\carrecord\debug\carrecord.tlog\cl.write.1.tlog
c:\users\sbaldwin\desktop\carrecord\carrecord\debug\carrecord.tlog\link.command.1.tlog
c:\users\sbaldwin\desktop\carrecord\carrecord\debug\carrecord.tlog\link.read.1.tlog
c:\users\sbaldwin\desktop\carrecord\carrecord\debug\carrecord.tlog\link.write.1.tlog
